#
# There is insufficient memory for the Java Runtime Environment to continue.
# Native memory allocation (malloc) failed to allocate 1073696 bytes for Chunk::new
# Possible reasons:
#   The system is out of physical RAM or swap space
#   The process is running with CompressedOops enabled, and the Java Heap may be blocking the growth of the native heap
# Possible solutions:
#   Reduce memory load on the system
#   Increase physical memory or swap space
#   Check if swap backing store is full
#   Decrease Java heap size (-Xmx/-Xms)
#   Decrease number of Java threads
#   Decrease Java thread stack sizes (-Xss)
#   Set larger code cache with -XX:ReservedCodeCacheSize=
#   JVM is running with Unscaled Compressed Oops mode in which the Java heap is
#     placed in the first 4GB address space. The Java Heap base address is the
#     maximum limit for the native heap growth. Please use -XX:HeapBaseMinAddress
#     to set the Java Heap base and to place the Java Heap above 4GB virtual address.
# This output file may be truncated or incomplete.
#
#  Out of Memory Error (allocation.cpp:389), pid=13596, tid=0x0000000000001078
#
# JRE version: OpenJDK Runtime Environment (8.0_242-b01) (build 1.8.0_242-release-1644-b01)
# Java VM: OpenJDK 64-Bit Server VM (25.242-b01 mixed mode windows-amd64 compressed oops)
# Failed to write core dump. Minidumps are not enabled by default on client versions of Windows
#

---------------  T H R E A D  ---------------

Current thread (0x00000000175cc800):  JavaThread "C2 CompilerThread0" daemon [_thread_in_native, id=4216, stack(0x0000000018600000,0x0000000018700000)]

Stack: [0x0000000018600000,0x0000000018700000]
[error occurred during error reporting (printing stack bounds), id 0xc0000005]

Native frames: (J=compiled Java code, j=interpreted, Vv=VM code, C=native code)


Current CompileTask:
C2: 517654 22537 %     4       com.android.tools.r8.dex.n::a @ 312 (910 bytes)


---------------  P R O C E S S  ---------------

Java Threads: ( => current thread )
  0x000000001d67a800 JavaThread "ForkJoinPool-2-worker-0" daemon [_thread_in_Java, id=13616, stack(0x00000000203f0000,0x00000000204f0000)]
  0x000000001d67c000 JavaThread "ForkJoinPool-2-worker-1" daemon [_thread_in_Java, id=15068, stack(0x00000000202f0000,0x00000000203f0000)]
  0x000000001d676000 JavaThread "ForkJoinPool-4-worker-0" daemon [_thread_in_Java, id=4576, stack(0x000000001fbf0000,0x000000001fcf0000)]
  0x000000001d67c800 JavaThread "ForkJoinPool-4-worker-1" daemon [_thread_in_vm, id=14932, stack(0x000000001b950000,0x000000001ba50000)]
  0x00000000276b4000 JavaThread "Cache worker for Java compile cache (C:\Users\andre\AndroidStudioProjects\ScoreBuddy\.gradle\6.5\javaCompile)" [_thread_blocked, id=7640, stack(0x000000002a5b0000,0x000000002a6b0000)]
  0x00000000276b5800 JavaThread "Cache worker for Java compile cache (C:\Users\andre\.gradle\caches\6.5\javaCompile)" [_thread_blocked, id=7800, stack(0x000000002a4b0000,0x000000002a5b0000)]
  0x0000000028920000 JavaThread "WorkerExecutor Queue Thread 2" [_thread_blocked, id=5644, stack(0x000000002a0b0000,0x000000002a1b0000)]
  0x0000000028918800 JavaThread "WorkerExecutor Queue" [_thread_blocked, id=11884, stack(0x0000000029fb0000,0x000000002a0b0000)]
  0x000000002891d800 JavaThread "Cache worker for execution history cache (C:\Users\andre\AndroidStudioProjects\ScoreBuddy\.gradle\6.5\executionHistory)" [_thread_blocked, id=7288, stack(0x0000000029eb0000,0x0000000029fb0000)]
  0x000000002891b800 JavaThread "Execution worker for ':'" [_thread_blocked, id=9696, stack(0x0000000029db0000,0x0000000029eb0000)]
  0x000000002891a000 JavaThread "Cache worker for file content cache (C:\Users\andre\AndroidStudioProjects\ScoreBuddy\.gradle\6.5\fileContent)" [_thread_blocked, id=9528, stack(0x0000000029cb0000,0x0000000029db0000)]
  0x0000000028914800 JavaThread "Cache worker for Build Output Cleanup Cache (C:\Users\andre\AndroidStudioProjects\ScoreBuddy\.gradle\buildOutputCleanup)" [_thread_blocked, id=15204, stack(0x0000000029bb0000,0x0000000029cb0000)]
  0x000000001bf5f800 JavaThread "Build operations Thread 2" [_thread_blocked, id=7796, stack(0x000000001f8f0000,0x000000001f9f0000)]
  0x000000001bf57800 JavaThread "Build operations" [_thread_blocked, id=13856, stack(0x000000001f7f0000,0x000000001f8f0000)]
  0x000000001bf5d000 JavaThread "Cache worker for cache directory md-rule (C:\Users\andre\.gradle\caches\6.5\md-rule)" [_thread_blocked, id=8756, stack(0x000000001eff0000,0x000000001f0f0000)]
  0x000000001bf5c800 JavaThread "Cache worker for cache directory md-supplier (C:\Users\andre\.gradle\caches\6.5\md-supplier)" [_thread_blocked, id=13812, stack(0x000000001e7f0000,0x000000001e8f0000)]
  0x000000001bf5b800 JavaThread "Cache worker for checksums cache (C:\Users\andre\AndroidStudioProjects\ScoreBuddy\.gradle\checksums)" [_thread_blocked, id=1320, stack(0x000000001e6f0000,0x000000001e7f0000)]
  0x000000001bf5e000 JavaThread "Cache worker for file hash cache (C:\Users\andre\AndroidStudioProjects\ScoreBuddy\.gradle\6.5\fileHashes)" [_thread_blocked, id=15128, stack(0x000000001e5f0000,0x000000001e6f0000)]
  0x000000001bf53000 JavaThread "Thread-126" [_thread_blocked, id=10932, stack(0x000000001e2f0000,0x000000001e3f0000)]
  0x000000001bf54000 JavaThread "Asynchronous log dispatcher for DefaultDaemonConnection: socket connection from /127.0.0.1:61651 to /127.0.0.1:61739" [_thread_blocked, id=6352, stack(0x000000001b850000,0x000000001b950000)]
  0x000000001bf50000 JavaThread "Cancel handler" [_thread_blocked, id=10440, stack(0x000000001b750000,0x000000001b850000)]
  0x000000001bf51000 JavaThread "Handler for socket connection from /127.0.0.1:61651 to /127.0.0.1:61739" [_thread_in_native, id=13444, stack(0x0000000000e40000,0x0000000000f40000)]
  0x000000001d680800 JavaThread "Memory manager" [_thread_blocked, id=8680, stack(0x00000000260f0000,0x00000000261f0000)]
  0x000000001986c800 JavaThread "Cache worker for file content cache (C:\Users\andre\.gradle\caches\6.5\fileContent)" [_thread_blocked, id=3152, stack(0x000000001f0f0000,0x000000001f1f0000)]
  0x0000000019871800 JavaThread "Cache worker for execution history cache (C:\Users\andre\.gradle\caches\6.5\executionHistory)" [_thread_blocked, id=12580, stack(0x000000001e8f0000,0x000000001e9f0000)]
  0x000000001986d000 JavaThread "Cache worker for file hash cache (C:\Users\andre\.gradle\caches\6.5\fileHashes)" [_thread_blocked, id=5028, stack(0x000000001ce20000,0x000000001cf20000)]
  0x000000001986f800 JavaThread "File lock request listener" [_thread_in_native, id=2528, stack(0x000000001cd20000,0x000000001ce20000)]
  0x0000000019b97000 JavaThread "Cache worker for journal cache (C:\Users\andre\.gradle\caches\journal-1)" [_thread_blocked, id=14300, stack(0x000000001bc50000,0x000000001bd50000)]
  0x00000000194b3000 JavaThread "Daemon worker" [_thread_blocked, id=9288, stack(0x000000001b650000,0x000000001b750000)]
  0x0000000019d4f800 JavaThread "Daemon" [_thread_blocked, id=14252, stack(0x000000001b350000,0x000000001b450000)]
  0x0000000019d53000 JavaThread "Daemon periodic checks" [_thread_blocked, id=12116, stack(0x000000001b050000,0x000000001b150000)]
  0x0000000019d52000 JavaThread "Incoming local TCP Connector on port 61651" [_thread_in_native, id=13780, stack(0x000000001ae10000,0x000000001af10000)]
  0x000000001a47e000 JavaThread "Daemon health stats" [_thread_blocked, id=11320, stack(0x000000001a7d0000,0x000000001a8d0000)]
  0x000000001762a000 JavaThread "Service Thread" daemon [_thread_blocked, id=2372, stack(0x0000000018800000,0x0000000018900000)]
  0x0000000017626800 JavaThread "C1 CompilerThread1" daemon [_thread_in_vm, id=13772, stack(0x0000000018700000,0x0000000018800000)]
=>0x00000000175cc800 JavaThread "C2 CompilerThread0" daemon [_thread_in_native, id=4216, stack(0x0000000018600000,0x0000000018700000)]
  0x00000000175cb000 JavaThread "Attach Listener" daemon [_thread_blocked, id=6344, stack(0x0000000018500000,0x0000000018600000)]
  0x00000000175d1800 JavaThread "Signal Dispatcher" daemon [_thread_blocked, id=10528, stack(0x0000000018400000,0x0000000018500000)]
  0x0000000002be0800 JavaThread "Finalizer" daemon [_thread_blocked, id=1560, stack(0x0000000018200000,0x0000000018300000)]
  0x00000000175b7000 JavaThread "Reference Handler" daemon [_thread_blocked, id=5084, stack(0x0000000018100000,0x0000000018200000)]
  0x0000000002aed800 JavaThread "main" [_thread_blocked, id=10376, stack(0x0000000002960000,0x0000000002a60000)]

Other Threads:
  0x0000000017594800 VMThread [stack: 0x0000000018000000,0x0000000018100000] [id=10484]
  0x000000001762d000 WatcherThread [stack: 0x0000000018900000,0x0000000018a00000] [id=13288]

VM state:not at safepoint (normal execution)

VM Mutex/Monitor currently owned by a thread: None

heap address: 0x0000000080000000, size: 2048 MB, Compressed Oops mode: 32-bit
Narrow klass base: 0x0000000000000000, Narrow klass shift: 3
Compressed class space size: 1073741824 Address: 0x0000000100000000

Heap:
 PSYoungGen      total 666112K, used 77891K [0x00000000d5580000, 0x00000000ffc00000, 0x0000000100000000)
  eden space 640512K, 10% used [0x00000000d5580000,0x00000000d9691d48,0x00000000fc700000)
  from space 25600K, 43% used [0x00000000fe300000,0x00000000fedff210,0x00000000ffc00000)
  to   space 27136K, 0% used [0x00000000fc700000,0x00000000fc700000,0x00000000fe180000)
 ParOldGen       total 129536K, used 65795K [0x0000000080000000, 0x0000000087e80000, 0x00000000d5580000)
  object space 129536K, 50% used [0x0000000080000000,0x0000000084040de0,0x0000000087e80000)
 Metaspace       used 97337K, capacity 102298K, committed 102552K, reserved 1138688K
  class space    used 12524K, capacity 13402K, committed 13480K, reserved 1048576K

Card table byte_map: [0x0000000011fb0000,0x00000000123c0000] byte_map_base: 0x0000000011bb0000

Marking Bits: (ParMarkBitMap*) 0x000000006d10f030
 Begin Bits: [0x0000000012870000, 0x0000000014870000)
 End Bits:   [0x0000000014870000, 0x0000000016870000)

Polling page: 0x0000000002a60000

CodeCache: size=245760Kb used=62721Kb max_used=65157Kb free=183038Kb
 bounds [0x0000000002bf0000, 0x0000000006bf0000, 0x0000000011bf0000]
 total_blobs=17825 nmethods=16954 adapters=783
 compilation: enabled

Compilation events (10 events):
Event: 516.918 Thread 0x0000000017626800 22565       2       com.android.tools.r8.graph.Q0::definitionFor (154 bytes)
Event: 516.919 Thread 0x0000000017626800 nmethod 22565 0x0000000004d0ca50 code [0x0000000004d0cc00, 0x0000000004d0cf18]
Event: 516.998 Thread 0x0000000017626800 22554       1       com.android.tools.r8.graph.k0::c (6 bytes)
Event: 516.999 Thread 0x0000000017626800 nmethod 22554 0x000000000586fcd0 code [0x000000000586fe20, 0x000000000586ff30]
Event: 517.130 Thread 0x0000000017626800 22536       3       com.android.tools.r8.graph.M::<init> (45 bytes)
Event: 517.132 Thread 0x0000000017626800 nmethod 22536 0x000000000520cb50 code [0x000000000520ccc0, 0x000000000520d028]
Event: 517.244 Thread 0x0000000017626800 22569       2       com.android.tools.r8.dex.n::e (654 bytes)
Event: 517.255 Thread 0x0000000017626800 nmethod 22569 0x000000000660d250 code [0x000000000660d740, 0x000000000660fe08]
Event: 517.568 Thread 0x0000000017626800 22611   !   2       com.android.tools.r8.ir.conversion.O::a (451 bytes)
Event: 517.615 Thread 0x0000000017626800 nmethod 22611 0x0000000005d6f450 code [0x0000000005d6f800, 0x0000000005d70b78]

GC Heap History (10 events):
Event: 335.295 GC heap before
{Heap before GC invocations=28 (full 4):
 PSYoungGen      total 641536K, used 621454K [0x00000000d5580000, 0x00000000ffd80000, 0x0000000100000000)
  eden space 608256K, 100% used [0x00000000d5580000,0x00000000fa780000,0x00000000fa780000)
  from space 33280K, 39% used [0x00000000fa780000,0x00000000fb4638f0,0x00000000fc800000)
  to   space 31744K, 0% used [0x00000000fde80000,0x00000000fde80000,0x00000000ffd80000)
 ParOldGen       total 129536K, used 65779K [0x0000000080000000, 0x0000000087e80000, 0x00000000d5580000)
  object space 129536K, 50% used [0x0000000080000000,0x000000008403cde0,0x0000000087e80000)
 Metaspace       used 96611K, capacity 101546K, committed 101656K, reserved 1138688K
  class space    used 12451K, capacity 13332K, committed 13352K, reserved 1048576K
Event: 335.338 GC heap after
Heap after GC invocations=28 (full 4):
 PSYoungGen      total 664576K, used 5383K [0x00000000d5580000, 0x00000000ffe80000, 0x0000000100000000)
  eden space 632832K, 0% used [0x00000000d5580000,0x00000000d5580000,0x00000000fbf80000)
  from space 31744K, 16% used [0x00000000fde80000,0x00000000fe3c1f50,0x00000000ffd80000)
  to   space 31744K, 0% used [0x00000000fbf80000,0x00000000fbf80000,0x00000000fde80000)
 ParOldGen       total 129536K, used 65779K [0x0000000080000000, 0x0000000087e80000, 0x00000000d5580000)
  object space 129536K, 50% used [0x0000000080000000,0x000000008403cde0,0x0000000087e80000)
 Metaspace       used 96611K, capacity 101546K, committed 101656K, reserved 1138688K
  class space    used 12451K, capacity 13332K, committed 13352K, reserved 1048576K
}
Event: 347.143 GC heap before
{Heap before GC invocations=29 (full 4):
 PSYoungGen      total 664576K, used 638215K [0x00000000d5580000, 0x00000000ffe80000, 0x0000000100000000)
  eden space 632832K, 100% used [0x00000000d5580000,0x00000000fbf80000,0x00000000fbf80000)
  from space 31744K, 16% used [0x00000000fde80000,0x00000000fe3c1f50,0x00000000ffd80000)
  to   space 31744K, 0% used [0x00000000fbf80000,0x00000000fbf80000,0x00000000fde80000)
 ParOldGen       total 129536K, used 65779K [0x0000000080000000, 0x0000000087e80000, 0x00000000d5580000)
  object space 129536K, 50% used [0x0000000080000000,0x000000008403cde0,0x0000000087e80000)
 Metaspace       used 96640K, capacity 101550K, committed 101656K, reserved 1138688K
  class space    used 12452K, capacity 13332K, committed 13352K, reserved 1048576K
Event: 347.202 GC heap after
Heap after GC invocations=29 (full 4):
 PSYoungGen      total 664576K, used 6966K [0x00000000d5580000, 0x00000000fff00000, 0x0000000100000000)
  eden space 632832K, 0% used [0x00000000d5580000,0x00000000d5580000,0x00000000fbf80000)
  from space 31744K, 21% used [0x00000000fbf80000,0x00000000fc64dac0,0x00000000fde80000)
  to   space 31232K, 0% used [0x00000000fe080000,0x00000000fe080000,0x00000000fff00000)
 ParOldGen       total 129536K, used 65787K [0x0000000080000000, 0x0000000087e80000, 0x00000000d5580000)
  object space 129536K, 50% used [0x0000000080000000,0x000000008403ede0,0x0000000087e80000)
 Metaspace       used 96640K, capacity 101550K, committed 101656K, reserved 1138688K
  class space    used 12452K, capacity 13332K, committed 13352K, reserved 1048576K
}
Event: 385.332 GC heap before
{Heap before GC invocations=30 (full 4):
 PSYoungGen      total 664576K, used 639798K [0x00000000d5580000, 0x00000000fff00000, 0x0000000100000000)
  eden space 632832K, 100% used [0x00000000d5580000,0x00000000fbf80000,0x00000000fbf80000)
  from space 31744K, 21% used [0x00000000fbf80000,0x00000000fc64dac0,0x00000000fde80000)
  to   space 31232K, 0% used [0x00000000fe080000,0x00000000fe080000,0x00000000fff00000)
 ParOldGen       total 129536K, used 65787K [0x0000000080000000, 0x0000000087e80000, 0x00000000d5580000)
  object space 129536K, 50% used [0x0000000080000000,0x000000008403ede0,0x0000000087e80000)
 Metaspace       used 96679K, capacity 101624K, committed 101656K, reserved 1138688K
  class space    used 12455K, capacity 13333K, committed 13352K, reserved 1048576K
Event: 385.690 GC heap after
Heap after GC invocations=30 (full 4):
 PSYoungGen      total 664576K, used 12027K [0x00000000d5580000, 0x00000000ffc80000, 0x0000000100000000)
  eden space 635904K, 0% used [0x00000000d5580000,0x00000000d5580000,0x00000000fc280000)
  from space 28672K, 41% used [0x00000000fe080000,0x00000000fec3efe8,0x00000000ffc80000)
  to   space 29696K, 0% used [0x00000000fc280000,0x00000000fc280000,0x00000000fdf80000)
 ParOldGen       total 129536K, used 65795K [0x0000000080000000, 0x0000000087e80000, 0x00000000d5580000)
  object space 129536K, 50% used [0x0000000080000000,0x0000000084040de0,0x0000000087e80000)
 Metaspace       used 96679K, capacity 101624K, committed 101656K, reserved 1138688K
  class space    used 12455K, capacity 13333K, committed 13352K, reserved 1048576K
}
Event: 440.097 GC heap before
{Heap before GC invocations=31 (full 4):
 PSYoungGen      total 664576K, used 647931K [0x00000000d5580000, 0x00000000ffc80000, 0x0000000100000000)
  eden space 635904K, 100% used [0x00000000d5580000,0x00000000fc280000,0x00000000fc280000)
  from space 28672K, 41% used [0x00000000fe080000,0x00000000fec3efe8,0x00000000ffc80000)
  to   space 29696K, 0% used [0x00000000fc280000,0x00000000fc280000,0x00000000fdf80000)
 ParOldGen       total 129536K, used 65795K [0x0000000080000000, 0x0000000087e80000, 0x00000000d5580000)
  object space 129536K, 50% used [0x0000000080000000,0x0000000084040de0,0x0000000087e80000)
 Metaspace       used 96711K, capacity 101630K, committed 101656K, reserved 1138688K
  class space    used 12457K, capacity 13334K, committed 13352K, reserved 1048576K
Event: 441.191 GC heap after
Heap after GC invocations=31 (full 4):
 PSYoungGen      total 665600K, used 11323K [0x00000000d5580000, 0x00000000fff00000, 0x0000000100000000)
  eden space 635904K, 0% used [0x00000000d5580000,0x00000000d5580000,0x00000000fc280000)
  from space 29696K, 38% used [0x00000000fc280000,0x00000000fcd8ee88,0x00000000fdf80000)
  to   space 28672K, 0% used [0x00000000fe300000,0x00000000fe300000,0x00000000fff00000)
 ParOldGen       total 129536K, used 65795K [0x0000000080000000, 0x0000000087e80000, 0x00000000d5580000)
  object space 129536K, 50% used [0x0000000080000000,0x0000000084040de0,0x0000000087e80000)
 Metaspace       used 96711K, capacity 101630K, committed 101656K, reserved 1138688K
  class space    used 12457K, capacity 13334K, committed 13352K, reserved 1048576K
}
Event: 510.425 GC heap before
{Heap before GC invocations=32 (full 4):
 PSYoungGen      total 665600K, used 646925K [0x00000000d5580000, 0x00000000fff00000, 0x0000000100000000)
  eden space 635904K, 99% used [0x00000000d5580000,0x00000000fc234650,0x00000000fc280000)
  from space 29696K, 38% used [0x00000000fc280000,0x00000000fcd8ee88,0x00000000fdf80000)
  to   space 28672K, 0% used [0x00000000fe300000,0x00000000fe300000,0x00000000fff00000)
 ParOldGen       total 129536K, used 65795K [0x0000000080000000, 0x0000000087e80000, 0x00000000d5580000)
  object space 129536K, 50% used [0x0000000080000000,0x0000000084040de0,0x0000000087e80000)
 Metaspace       used 96964K, capacity 101872K, committed 101912K, reserved 1138688K
  class space    used 12490K, capacity 13343K, committed 13352K, reserved 1048576K
Event: 512.269 GC heap after
Heap after GC invocations=32 (full 4):
 PSYoungGen      total 666112K, used 11260K [0x00000000d5580000, 0x00000000ffc00000, 0x0000000100000000)
  eden space 640512K, 0% used [0x00000000d5580000,0x00000000d5580000,0x00000000fc700000)
  from space 25600K, 43% used [0x00000000fe300000,0x00000000fedff210,0x00000000ffc00000)
  to   space 27136K, 0% used [0x00000000fc700000,0x00000000fc700000,0x00000000fe180000)
 ParOldGen       total 129536K, used 65795K [0x0000000080000000, 0x0000000087e80000, 0x00000000d5580000)
  object space 129536K, 50% used [0x0000000080000000,0x0000000084040de0,0x0000000087e80000)
 Metaspace       used 96964K, capacity 101872K, committed 101912K, reserved 1138688K
  class space    used 12490K, capacity 13343K, committed 13352K, reserved 1048576K
}

Deoptimization events (10 events):
Event: 516.607 Thread 0x0000000028920000 Uncommon trap: reason=class_check action=maybe_recompile pc=0x00000000038691f4 method=com.android.tools.r8.utils.a1.a(Lcom/android/tools/r8/utils/h0;Ljava/util/List;Ljava/util/concurrent/ExecutorService;Lcom/android/tools/r8/utils/k1;Ljava/lang/Object;)V 
Event: 516.608 Thread 0x0000000028920000 Uncommon trap: reason=class_check action=maybe_recompile pc=0x00000000038691f4 method=com.android.tools.r8.utils.a1.a(Lcom/android/tools/r8/utils/h0;Ljava/util/List;Ljava/util/concurrent/ExecutorService;Lcom/android/tools/r8/utils/k1;Ljava/lang/Object;)V 
Event: 516.734 Thread 0x0000000028920000 Uncommon trap: reason=unstable_if action=reinterpret pc=0x0000000005f34548 method=com.android.tools.r8.graph.Q0.definitionFor(Lcom/android/tools/r8/graph/j0;)Lcom/android/tools/r8/graph/C; @ 124
Event: 516.737 Thread 0x0000000028920000 Uncommon trap: reason=unstable_if action=reinterpret pc=0x0000000005141554 method=com.android.tools.r8.graph.Q0.definitionFor(Lcom/android/tools/r8/graph/j0;)Lcom/android/tools/r8/graph/C; @ 124
Event: 517.438 Thread 0x000000001d67c800 Uncommon trap: reason=class_check action=maybe_recompile pc=0x0000000006024004 method=com.android.tools.r8.ir.conversion.O.a(Lcom/android/tools/r8/graph/n1;)V @ 332
Event: 517.440 Thread 0x000000001d676000 Uncommon trap: reason=class_check action=maybe_recompile pc=0x0000000006024004 method=com.android.tools.r8.ir.conversion.O.a(Lcom/android/tools/r8/graph/n1;)V @ 332
Event: 517.453 Thread 0x000000001d67c800 Uncommon trap: reason=class_check action=maybe_recompile pc=0x0000000006024004 method=com.android.tools.r8.ir.conversion.O.a(Lcom/android/tools/r8/graph/n1;)V @ 332
Event: 517.453 Thread 0x000000001d67c800 Uncommon trap: reason=class_check action=maybe_recompile pc=0x0000000006024004 method=com.android.tools.r8.ir.conversion.O.a(Lcom/android/tools/r8/graph/n1;)V @ 332
Event: 517.544 Thread 0x000000001d67c800 Uncommon trap: reason=unstable_if action=reinterpret pc=0x000000000519a920 method=com.android.tools.r8.graph.j0.r()Z @ 71
Event: 517.544 Thread 0x000000001d676000 Uncommon trap: reason=unstable_if action=reinterpret pc=0x000000000519a920 method=com.android.tools.r8.graph.j0.r()Z @ 71

Classes redefined (0 events):
No events

Internal exceptions (10 events):
Event: 428.227 Thread 0x000000001bf5f800 Exception <a 'sun/nio/fs/WindowsException'> (0x00000000eecb6dc8) thrown at [C:\src\AOSP-openjdk-git\hotspot\src\share\vm\prims\jni.cpp, line 710]
Event: 430.911 Thread 0x000000001bf57800 Exception <a 'sun/nio/fs/WindowsException'> (0x00000000f1c6eff0) thrown at [C:\src\AOSP-openjdk-git\hotspot\src\share\vm\prims\jni.cpp, line 710]
Event: 485.206 Thread 0x000000001bf5f800 Exception <a 'sun/nio/fs/WindowsException'> (0x00000000f5ff7628) thrown at [C:\src\AOSP-openjdk-git\hotspot\src\share\vm\prims\jni.cpp, line 710]
Event: 499.137 Thread 0x000000001bf57800 Exception <a 'sun/nio/fs/WindowsException'> (0x00000000fb3ae520) thrown at [C:\src\AOSP-openjdk-git\hotspot\src\share\vm\prims\jni.cpp, line 710]
Event: 504.730 Thread 0x000000002891b800 Exception <a 'java/lang/NoSuchMethodError': <clinit>> (0x00000000f9235980) thrown at [C:\src\AOSP-openjdk-git\hotspot\src\share\vm\prims\jni.cpp, line 1615]
Event: 509.743 Thread 0x0000000028920000 Exception <a 'sun/nio/fs/WindowsException'> (0x00000000fb679b70) thrown at [C:\src\AOSP-openjdk-git\hotspot\src\share\vm\prims\jni.cpp, line 710]
Event: 509.887 Thread 0x0000000028918800 Exception <a 'sun/nio/fs/WindowsException'> (0x00000000fbee4930) thrown at [C:\src\AOSP-openjdk-git\hotspot\src\share\vm\prims\jni.cpp, line 710]
Event: 515.543 Thread 0x000000001d676000 Implicit null exception at 0x00000000059b3799 to 0x00000000059b3a71
Event: 515.544 Thread 0x000000001d67c800 Implicit null exception at 0x00000000059b3799 to 0x00000000059b3a71
Event: 515.605 Thread 0x000000001d676000 Implicit null exception at 0x0000000002d124af to 0x0000000002d125a1

Events (10 events):
Event: 517.519 Executing VM operation: RevokeBias
Event: 517.519 Executing VM operation: RevokeBias done
Event: 517.519 Executing VM operation: BulkRevokeBias
Event: 517.542 Executing VM operation: BulkRevokeBias done
Event: 517.543 Thread 0x000000001d67c800 Uncommon trap: trap_request=0xffffff65 fr.pc=0x000000000519a920
Event: 517.544 Thread 0x000000001d676000 Uncommon trap: trap_request=0xffffff65 fr.pc=0x000000000519a920
Event: 517.547 Thread 0x000000001d676000 DEOPT PACKING pc=0x000000000519a920 sp=0x000000001fceee70
Event: 517.547 Thread 0x000000001d676000 DEOPT UNPACKING pc=0x0000000002c3557b sp=0x000000001fceee10 mode 2
Event: 517.558 Thread 0x000000001d67c800 DEOPT PACKING pc=0x000000000519a920 sp=0x000000001ba4ed70
Event: 517.558 Thread 0x000000001d67c800 DEOPT UNPACKING pc=0x0000000002c3557b sp=0x000000001ba4ed10 mode 2


Dynamic libraries:
0x00007ff706e00000 - 0x00007ff706e31000 	C:\Program Files\Android\Android Studio\jre\bin\java.exe
0x00007ff8009e0000 - 0x00007ff800bd0000 	C:\WINDOWS\SYSTEM32\ntdll.dll
0x00007fffffd40000 - 0x00007fffffdf2000 	C:\WINDOWS\System32\KERNEL32.DLL
0x00007ffffdb50000 - 0x00007ffffddf5000 	C:\WINDOWS\System32\KERNELBASE.dll
0x00007ff800810000 - 0x00007ff8008b3000 	C:\WINDOWS\System32\ADVAPI32.dll
0x00007fffff570000 - 0x00007fffff60e000 	C:\WINDOWS\System32\msvcrt.dll
0x00007ff800770000 - 0x00007ff800807000 	C:\WINDOWS\System32\sechost.dll
0x00007fffffed0000 - 0x00007ffffffef000 	C:\WINDOWS\System32\RPCRT4.dll
0x00007ff8003d0000 - 0x00007ff800564000 	C:\WINDOWS\System32\USER32.dll
0x00007ffffe040000 - 0x00007ffffe061000 	C:\WINDOWS\System32\win32u.dll
0x00007fffff610000 - 0x00007fffff636000 	C:\WINDOWS\System32\GDI32.dll
0x00007ffffe0c0000 - 0x00007ffffe258000 	C:\WINDOWS\System32\gdi32full.dll
0x00007ffffe9e0000 - 0x00007ffffea7e000 	C:\WINDOWS\System32\msvcp_win.dll
0x00007ffffd9f0000 - 0x00007ffffdaea000 	C:\WINDOWS\System32\ucrtbase.dll
0x00007fffea940000 - 0x00007fffeabc4000 	C:\WINDOWS\WinSxS\amd64_microsoft.windows.common-controls_6595b64144ccf1df_6.0.18362.1440_none_9e7dbfb9e45e8e67\COMCTL32.dll
0x00007ffffea80000 - 0x00007ffffedb6000 	C:\WINDOWS\System32\combase.dll
0x00007ffffde00000 - 0x00007ffffde81000 	C:\WINDOWS\System32\bcryptPrimitives.dll
0x00007ff800030000 - 0x00007ff80005e000 	C:\WINDOWS\System32\IMM32.DLL
0x000000006c860000 - 0x000000006c932000 	C:\Program Files\Android\Android Studio\jre\jre\bin\msvcr100.dll
0x000000006c940000 - 0x000000006d18b000 	C:\Program Files\Android\Android Studio\jre\jre\bin\server\jvm.dll
0x00007ffffee70000 - 0x00007ffffee78000 	C:\WINDOWS\System32\PSAPI.DLL
0x00007fffac840000 - 0x00007fffac849000 	C:\WINDOWS\SYSTEM32\WSOCK32.dll
0x00007fffff700000 - 0x00007fffff76f000 	C:\WINDOWS\System32\WS2_32.dll
0x00007ffffb310000 - 0x00007ffffb334000 	C:\WINDOWS\SYSTEM32\WINMM.dll
0x00007fffe9bf0000 - 0x00007fffe9bfa000 	C:\WINDOWS\SYSTEM32\VERSION.dll
0x00007ffffb2e0000 - 0x00007ffffb30d000 	C:\WINDOWS\SYSTEM32\WINMMBASE.dll
0x00007ffffde90000 - 0x00007ffffdeda000 	C:\WINDOWS\System32\cfgmgr32.dll
0x00007ffff73b0000 - 0x00007ffff73bf000 	C:\Program Files\Android\Android Studio\jre\jre\bin\verify.dll
0x00007ffff3a90000 - 0x00007ffff3ab9000 	C:\Program Files\Android\Android Studio\jre\jre\bin\java.dll
0x00007ffff6810000 - 0x00007ffff6826000 	C:\Program Files\Android\Android Studio\jre\jre\bin\zip.dll
0x00007ffffee80000 - 0x00007fffff568000 	C:\WINDOWS\System32\SHELL32.dll
0x00007ff800640000 - 0x00007ff8006e7000 	C:\WINDOWS\System32\shcore.dll
0x00007ffffe260000 - 0x00007ffffe9db000 	C:\WINDOWS\System32\windows.storage.dll
0x00007ffffd8d0000 - 0x00007ffffd8ee000 	C:\WINDOWS\System32\profapi.dll
0x00007ffffd8f0000 - 0x00007ffffd93a000 	C:\WINDOWS\System32\powrprof.dll
0x00007ffffd880000 - 0x00007ffffd890000 	C:\WINDOWS\System32\UMPDC.dll
0x00007ff800940000 - 0x00007ff800992000 	C:\WINDOWS\System32\shlwapi.dll
0x00007ffffd890000 - 0x00007ffffd8a1000 	C:\WINDOWS\System32\kernel.appcore.dll
0x00007ffffe070000 - 0x00007ffffe087000 	C:\WINDOWS\System32\cryptsp.dll
0x00007ffff53b0000 - 0x00007ffff53ca000 	C:\Program Files\Android\Android Studio\jre\jre\bin\net.dll
0x00007ffffd060000 - 0x00007ffffd0c7000 	C:\WINDOWS\system32\mswsock.dll
0x00007ffff52c0000 - 0x00007ffff52d3000 	C:\Program Files\Android\Android Studio\jre\jre\bin\nio.dll
0x00007fffe5f30000 - 0x00007fffe5f57000 	C:\Users\andre\.gradle\native\f6784746aeab05261644944871eae4fe03e0ef1612fff0a4a95f87b438bc6780\windows-amd64\native-platform.dll
0x00007ffff3a80000 - 0x00007ffff3a8d000 	C:\Program Files\Android\Android Studio\jre\jre\bin\management.dll
0x00007ffffcbe0000 - 0x00007ffffcc13000 	C:\WINDOWS\system32\rsaenh.dll
0x00007ffffe090000 - 0x00007ffffe0b6000 	C:\WINDOWS\System32\bcrypt.dll
0x00007ffffd760000 - 0x00007ffffd785000 	C:\WINDOWS\SYSTEM32\USERENV.dll
0x00007ffffd290000 - 0x00007ffffd29c000 	C:\WINDOWS\SYSTEM32\CRYPTBASE.dll
0x00007ffffcd70000 - 0x00007ffffcdaa000 	C:\WINDOWS\SYSTEM32\IPHLPAPI.DLL
0x00007ff800000000 - 0x00007ff800008000 	C:\WINDOWS\System32\NSI.dll
0x00007ffff33f0000 - 0x00007ffff3406000 	C:\WINDOWS\SYSTEM32\dhcpcsvc6.DLL
0x00007ffff35f0000 - 0x00007ffff360c000 	C:\WINDOWS\SYSTEM32\dhcpcsvc.DLL
0x00007ffffcdb0000 - 0x00007ffffce7b000 	C:\WINDOWS\SYSTEM32\DNSAPI.dll
0x00007ffff3a70000 - 0x00007ffff3a7b000 	C:\WINDOWS\SYSTEM32\WINNSI.DLL
0x00007ffffc8c0000 - 0x00007ffffc8f1000 	C:\WINDOWS\SYSTEM32\ntmarta.dll
0x00007ffffb460000 - 0x00007ffffb4ef000 	C:\WINDOWS\system32\apphelp.dll

VM Arguments:
jvm_args: -Xmx2048m -Dfile.encoding=UTF-8 -Duser.country=US -Duser.language=en -Duser.variant 
java_command: org.gradle.launcher.daemon.bootstrap.GradleDaemon 6.5
java_class_path (initial): C:\Users\andre\.gradle\wrapper\dists\gradle-6.5-all\2oz4ud9k3tuxjg84bbf55q0tn\gradle-6.5\lib\gradle-launcher-6.5.jar
Launcher Type: SUN_STANDARD

Environment Variables:
PATH=C:\WINDOWS\system32;C:\WINDOWS;C:\WINDOWS\System32\Wbem;C:\WINDOWS\System32\WindowsPowerShell\v1.0\;C:\WINDOWS\System32\OpenSSH\;C:\Program Files\Git\cmd;C:\Program Files\TortoiseSVN\bin;C:\path\to\python\Scripts\;C:\Users\andre\AppData\Local\Programs\Python\Python39\Scripts\;C:\Users\andre\AppData\Local\Programs\Python\Python39\;C:\Users\andre\AppData\Local\Microsoft\WindowsApps;;C:\Users\andre\AppData\Local\Programs\Microsoft VS Code\bin
USERNAME=andre
OS=Windows_NT
PROCESSOR_IDENTIFIER=Intel64 Family 6 Model 122 Stepping 1, GenuineIntel



---------------  S Y S T E M  ---------------

OS: Windows 10.0 , 64 bit Build 18362 (10.0.18362.1350)

CPU:total 2 (initial active 2) (2 cores per cpu, 1 threads per core) family 6 model 122 stepping 1, cmov, cx8, fxsr, mmx, sse, sse2, sse3, ssse3, sse4.1, sse4.2, popcnt, aes, clmul, erms, 3dnowpref, tsc, tscinvbit

Memory: 4k page, physical 4011972k(205752k free), swap 11482304k(5784k free)

vm_info: OpenJDK 64-Bit Server VM (25.242-b01) for windows-amd64 JRE (1.8.0_242-release-1644-b01), built by "builder" with MS VC++ 10.0 (VS2010)

time: Fri Apr 30 16:50:54 2021
timezone: Eastern Daylight Time
elapsed time: 517 seconds (0d 0h 8m 37s)

